Vivado Simulator 2015.2
Copyright 1986-1999, 2001-2015 Xilinx, Inc. All Rights Reserved.
Running: C:/Xilinx/Vivado/2015.2/bin/unwrapped/win64.o/xelab.exe -wto 23db5dae91e444c2941b1f8d92b683c2 --debug typical --relax --mt 2 -L xil_defaultlib -L blk_mem_gen_v8_2 -L secureip --snapshot main_behav xil_defaultlib.main -log elaborate.log 
Using 2 slave threads.
Starting static elaboration
Completed static elaboration
Starting simulation data flow analysis
Completed simulation data flow analysis
Time Resolution for simulation is 1ps
Compiling package std.standard
Compiling package ieee.std_logic_1164
Compiling package ieee.std_logic_arith
Compiling package ieee.std_logic_unsigned
Compiling package ieee.numeric_std
Compiling package std.textio
Compiling package synopsys.attributes
Compiling package ieee.std_logic_misc
Compiling package ieee.std_logic_textio
Compiling package unisim.vcomponents
Compiling package ieee.std_logic_signed
Compiling package ieee.vital_timing
Compiling package ieee.vital_primitives
Compiling package unisim.vpkg
Compiling architecture behavioral of entity xil_defaultlib.reader [reader_default]
Compiling architecture behavioral of entity xil_defaultlib.mux [mux_default]
Compiling architecture behavioral of entity xil_defaultlib.vga_controller [vga_controller_default]
Compiling architecture behavioral of entity xil_defaultlib.encryption [encryption_default]
Compiling architecture output_stage_behavioral of entity blk_mem_gen_v8_2.BLK_MEM_GEN_v8_2_output_stage [\BLK_MEM_GEN_v8_2_output_stage("...]
Compiling architecture output_stage_behavioral of entity blk_mem_gen_v8_2.BLK_MEM_GEN_v8_2_output_stage [\BLK_MEM_GEN_v8_2_output_stage("...]
Compiling architecture softecc_output_reg_stage_behavioral of entity blk_mem_gen_v8_2.BLK_MEM_GEN_v8_2_softecc_output_reg_stage [\BLK_MEM_GEN_v8_2_softecc_output...]
Compiling architecture mem_module_behavioral of entity blk_mem_gen_v8_2.BLK_MEM_GEN_v8_2_mem_module [\BLK_MEM_GEN_v8_2_mem_module("bl...]
Compiling architecture behavioral of entity blk_mem_gen_v8_2.blk_mem_gen_v8_2 [\blk_mem_gen_v8_2("blk_mem_gen_v...]
Compiling architecture blk_mem_gen_1_arch of entity xil_defaultlib.blk_mem_gen_1 [blk_mem_gen_1_default]
Compiling architecture ibuf_v of entity unisim.IBUF [\IBUF("DONT_CARE","0",true,"AUTO...]
Compiling architecture mmcme2_adv_v of entity unisim.MMCME2_ADV [\MMCME2_ADV("OPTIMIZED",36.375,0...]
Compiling architecture bufg_v of entity unisim.BUFG [bufg_default]
Compiling architecture xilinx of entity xil_defaultlib.clk_wiz_0_clk_wiz [clk_wiz_0_clk_wiz_default]
Compiling architecture xilinx of entity xil_defaultlib.clk_wiz_0 [clk_wiz_0_default]
Compiling architecture behavioral of entity xil_defaultlib.main
Waiting for 2 sub-compilation(s) to finish...
Built simulation snapshot main_behav
