
*** Running vivado
    with args -log main.vdi -applog -m64 -messageDb vivado.pb -mode batch -source main.tcl -notrace


****** Vivado v2015.2 (64-bit)
  **** SW Build 1266856 on Fri Jun 26 16:35:25 MDT 2015
  **** IP Build 1264090 on Wed Jun 24 14:22:01 MDT 2015
    ** Copyright 1986-2015 Xilinx, Inc. All Rights Reserved.

source main.tcl -notrace
Design is defaulting to srcset: sources_1
Design is defaulting to constrset: constrs_1
INFO: [Project 1-454] Reading design checkpoint 'D:/dsdlab/friday/250_202/lab 8/Image_cryption/Image_cryption.runs/blk_mem_gen_0_synth_1/blk_mem_gen_0.dcp' for cell 'MEMORY_BLOCK'
INFO: [Project 1-454] Reading design checkpoint 'D:/dsdlab/friday/250_202/lab 8/Image_cryption/Image_cryption.runs/clk_wiz_25_synth_1/clk_wiz_25.dcp' for cell 'clock'
INFO: [Netlist 29-17] Analyzing 53 Unisim elements for replacement
INFO: [Netlist 29-28] Unisim Transformation completed in 0 CPU seconds
INFO: [Project 1-479] Netlist was created with Vivado 2015.2
INFO: [Device 21-403] Loading part xc7a100tcsg324-1
INFO: [Project 1-570] Preparing netlist for logic optimization
Parsing XDC File [d:/dsdlab/friday/250_202/lab 8/Image_cryption/Image_cryption.srcs/sources_1/ip/clk_wiz_25/clk_wiz_25_board.xdc] for cell 'clock/U0'
Finished Parsing XDC File [d:/dsdlab/friday/250_202/lab 8/Image_cryption/Image_cryption.srcs/sources_1/ip/clk_wiz_25/clk_wiz_25_board.xdc] for cell 'clock/U0'
Parsing XDC File [d:/dsdlab/friday/250_202/lab 8/Image_cryption/Image_cryption.srcs/sources_1/ip/clk_wiz_25/clk_wiz_25.xdc] for cell 'clock/U0'
INFO: [Timing 38-35] Done setting XDC timing constraints. [d:/dsdlab/friday/250_202/lab 8/Image_cryption/Image_cryption.srcs/sources_1/ip/clk_wiz_25/clk_wiz_25.xdc:56]
INFO: [Timing 38-2] Deriving generated clocks [d:/dsdlab/friday/250_202/lab 8/Image_cryption/Image_cryption.srcs/sources_1/ip/clk_wiz_25/clk_wiz_25.xdc:56]
get_clocks: Time (s): cpu = 00:00:09 ; elapsed = 00:00:10 . Memory (MB): peak = 931.832 ; gain = 448.602
Finished Parsing XDC File [d:/dsdlab/friday/250_202/lab 8/Image_cryption/Image_cryption.srcs/sources_1/ip/clk_wiz_25/clk_wiz_25.xdc] for cell 'clock/U0'
Parsing XDC File [D:/dsdlab/friday/250_202/lab 8/Image_cryption/Image_cryption.srcs/constrs_1/new/images_ic.xdc]
WARNING: [Vivado 12-507] No nets matched 'clk_IBUF'. [D:/dsdlab/friday/250_202/lab 8/Image_cryption/Image_cryption.srcs/constrs_1/new/images_ic.xdc:39]
CRITICAL WARNING: [Common 17-55] 'set_property' expects at least one object. [D:/dsdlab/friday/250_202/lab 8/Image_cryption/Image_cryption.srcs/constrs_1/new/images_ic.xdc:39]
Resolution: If [get_<value>] was used to populate the object, check to make sure this command returns at least one valid object.
Finished Parsing XDC File [D:/dsdlab/friday/250_202/lab 8/Image_cryption/Image_cryption.srcs/constrs_1/new/images_ic.xdc]
INFO: [Project 1-538] Using original IP XDC constraints instead of the XDC constraints in dcp 'D:/dsdlab/friday/250_202/lab 8/Image_cryption/Image_cryption.runs/blk_mem_gen_0_synth_1/blk_mem_gen_0.dcp'
INFO: [Project 1-538] Using original IP XDC constraints instead of the XDC constraints in dcp 'D:/dsdlab/friday/250_202/lab 8/Image_cryption/Image_cryption.runs/clk_wiz_25_synth_1/clk_wiz_25.dcp'
INFO: [Opt 31-140] Inserted 2 IBUFs to IO ports without IO buffers.
INFO: [Opt 31-138] Pushed 0 inverter(s) to 0 load pin(s).
INFO: [Project 1-111] Unisim Transformation Summary:
No Unisim elements were transformed.

link_design: Time (s): cpu = 00:00:12 ; elapsed = 00:00:15 . Memory (MB): peak = 931.832 ; gain = 712.418
Command: opt_design
Attempting to get a license for feature 'Implementation' and/or device 'xc7a100t'
INFO: [Common 17-349] Got license for feature 'Implementation' and/or device 'xc7a100t'
Running DRC as a precondition to command opt_design

Starting DRC Task
INFO: [DRC 23-27] Running DRC with 2 threads
INFO: [Project 1-461] DRC finished with 0 Errors
INFO: [Project 1-462] Please refer to the DRC report (report_drc) for more information.

Time (s): cpu = 00:00:00 ; elapsed = 00:00:00.078 . Memory (MB): peak = 931.832 ; gain = 0.000
INFO: [Timing 38-35] Done setting XDC timing constraints.

Starting Logic Optimization Task

Phase 1 Retarget

INFO: [Opt 31-138] Pushed 0 inverter(s) to 0 load pin(s).
INFO: [Opt 31-49] Retargeted 0 cell(s).
Phase 1 Retarget | Checksum: 143b3c27f

Time (s): cpu = 00:00:00 ; elapsed = 00:00:00.031 . Memory (MB): peak = 937.707 ; gain = 0.000

Phase 2 Constant Propagation
INFO: [Opt 31-138] Pushed 0 inverter(s) to 0 load pin(s).
INFO: [Opt 31-10] Eliminated 0 cells.
Phase 2 Constant Propagation | Checksum: 143b3c27f

Time (s): cpu = 00:00:00 ; elapsed = 00:00:00.031 . Memory (MB): peak = 937.707 ; gain = 0.000

Phase 3 Sweep
WARNING: [Opt 31-6] Deleting driverless net: MEMORY_BLOCK/U0/inst_blk_mem_gen/gnativebmg.native_blk_mem_gen/valid.cstr/ramloop[0].ram.r/prim_init.ram/dina[0].
WARNING: [Opt 31-6] Deleting driverless net: MEMORY_BLOCK/U0/inst_blk_mem_gen/gnativebmg.native_blk_mem_gen/valid.cstr/ramloop[0].ram.r/prim_init.ram/wea[0].
WARNING: [Opt 31-6] Deleting driverless net: MEMORY_BLOCK/U0/inst_blk_mem_gen/gnativebmg.native_blk_mem_gen/valid.cstr/ramloop[0].ram.r/dina[0].
WARNING: [Opt 31-6] Deleting driverless net: MEMORY_BLOCK/U0/inst_blk_mem_gen/gnativebmg.native_blk_mem_gen/valid.cstr/ramloop[0].ram.r/wea[0].
WARNING: [Opt 31-6] Deleting driverless net: MEMORY_BLOCK/U0/inst_blk_mem_gen/gnativebmg.native_blk_mem_gen/valid.cstr/ramloop[1].ram.r/prim_init.ram/dina[0].
WARNING: [Opt 31-6] Deleting driverless net: MEMORY_BLOCK/U0/inst_blk_mem_gen/gnativebmg.native_blk_mem_gen/valid.cstr/ramloop[1].ram.r/prim_init.ram/wea[0].
WARNING: [Opt 31-6] Deleting driverless net: MEMORY_BLOCK/U0/inst_blk_mem_gen/gnativebmg.native_blk_mem_gen/valid.cstr/ramloop[1].ram.r/dina[0].
WARNING: [Opt 31-6] Deleting driverless net: MEMORY_BLOCK/U0/inst_blk_mem_gen/gnativebmg.native_blk_mem_gen/valid.cstr/ramloop[1].ram.r/wea[0].
WARNING: [Opt 31-6] Deleting driverless net: MEMORY_BLOCK/U0/inst_blk_mem_gen/gnativebmg.native_blk_mem_gen/valid.cstr/ramloop[2].ram.r/prim_init.ram/dina[0].
WARNING: [Opt 31-6] Deleting driverless net: MEMORY_BLOCK/U0/inst_blk_mem_gen/gnativebmg.native_blk_mem_gen/valid.cstr/ramloop[2].ram.r/prim_init.ram/dina[1].
WARNING: [Opt 31-6] Deleting driverless net: MEMORY_BLOCK/U0/inst_blk_mem_gen/gnativebmg.native_blk_mem_gen/valid.cstr/ramloop[2].ram.r/prim_init.ram/wea[0].
WARNING: [Opt 31-6] Deleting driverless net: MEMORY_BLOCK/U0/inst_blk_mem_gen/gnativebmg.native_blk_mem_gen/valid.cstr/ramloop[2].ram.r/dina[0].
WARNING: [Opt 31-6] Deleting driverless net: MEMORY_BLOCK/U0/inst_blk_mem_gen/gnativebmg.native_blk_mem_gen/valid.cstr/ramloop[2].ram.r/dina[1].
WARNING: [Opt 31-6] Deleting driverless net: MEMORY_BLOCK/U0/inst_blk_mem_gen/gnativebmg.native_blk_mem_gen/valid.cstr/ramloop[2].ram.r/wea[0].
WARNING: [Opt 31-6] Deleting driverless net: MEMORY_BLOCK/U0/inst_blk_mem_gen/gnativebmg.native_blk_mem_gen/valid.cstr/ramloop[3].ram.r/prim_init.ram/dina[0].
WARNING: [Opt 31-6] Deleting driverless net: MEMORY_BLOCK/U0/inst_blk_mem_gen/gnativebmg.native_blk_mem_gen/valid.cstr/ramloop[3].ram.r/prim_init.ram/wea[0].
WARNING: [Opt 31-6] Deleting driverless net: MEMORY_BLOCK/U0/inst_blk_mem_gen/gnativebmg.native_blk_mem_gen/valid.cstr/ramloop[3].ram.r/dina[0].
WARNING: [Opt 31-6] Deleting driverless net: MEMORY_BLOCK/U0/inst_blk_mem_gen/gnativebmg.native_blk_mem_gen/valid.cstr/ramloop[3].ram.r/wea[0].
WARNING: [Opt 31-6] Deleting driverless net: MEMORY_BLOCK/U0/inst_blk_mem_gen/gnativebmg.native_blk_mem_gen/valid.cstr/ramloop[4].ram.r/prim_init.ram/dina[0].
WARNING: [Opt 31-6] Deleting driverless net: MEMORY_BLOCK/U0/inst_blk_mem_gen/gnativebmg.native_blk_mem_gen/valid.cstr/ramloop[4].ram.r/prim_init.ram/wea[0].
WARNING: [Opt 31-6] Deleting driverless net: MEMORY_BLOCK/U0/inst_blk_mem_gen/gnativebmg.native_blk_mem_gen/valid.cstr/ramloop[4].ram.r/dina[0].
WARNING: [Opt 31-6] Deleting driverless net: MEMORY_BLOCK/U0/inst_blk_mem_gen/gnativebmg.native_blk_mem_gen/valid.cstr/ramloop[4].ram.r/wea[0].
WARNING: [Opt 31-6] Deleting driverless net: MEMORY_BLOCK/U0/inst_blk_mem_gen/gnativebmg.native_blk_mem_gen/valid.cstr/ramloop[5].ram.r/prim_init.ram/dina[0].
WARNING: [Opt 31-6] Deleting driverless net: MEMORY_BLOCK/U0/inst_blk_mem_gen/gnativebmg.native_blk_mem_gen/valid.cstr/ramloop[5].ram.r/prim_init.ram/wea[0].
WARNING: [Opt 31-6] Deleting driverless net: MEMORY_BLOCK/U0/inst_blk_mem_gen/gnativebmg.native_blk_mem_gen/valid.cstr/ramloop[5].ram.r/dina[0].
WARNING: [Opt 31-6] Deleting driverless net: MEMORY_BLOCK/U0/inst_blk_mem_gen/gnativebmg.native_blk_mem_gen/valid.cstr/ramloop[5].ram.r/wea[0].
WARNING: [Opt 31-6] Deleting driverless net: MEMORY_BLOCK/U0/inst_blk_mem_gen/gnativebmg.native_blk_mem_gen/valid.cstr/dina[0].
WARNING: [Opt 31-6] Deleting driverless net: MEMORY_BLOCK/U0/inst_blk_mem_gen/gnativebmg.native_blk_mem_gen/valid.cstr/dina[1].
WARNING: [Opt 31-6] Deleting driverless net: MEMORY_BLOCK/U0/inst_blk_mem_gen/gnativebmg.native_blk_mem_gen/valid.cstr/dina[2].
WARNING: [Opt 31-6] Deleting driverless net: MEMORY_BLOCK/U0/inst_blk_mem_gen/gnativebmg.native_blk_mem_gen/valid.cstr/wea[0].
WARNING: [Opt 31-6] Deleting driverless net: MEMORY_BLOCK/U0/inst_blk_mem_gen/gnativebmg.native_blk_mem_gen/dina[0].
WARNING: [Opt 31-6] Deleting driverless net: MEMORY_BLOCK/U0/inst_blk_mem_gen/gnativebmg.native_blk_mem_gen/dina[1].
WARNING: [Opt 31-6] Deleting driverless net: MEMORY_BLOCK/U0/inst_blk_mem_gen/gnativebmg.native_blk_mem_gen/dina[2].
WARNING: [Opt 31-6] Deleting driverless net: MEMORY_BLOCK/U0/inst_blk_mem_gen/gnativebmg.native_blk_mem_gen/wea[0].
WARNING: [Opt 31-6] Deleting driverless net: MEMORY_BLOCK/U0/inst_blk_mem_gen/dina[0].
WARNING: [Opt 31-6] Deleting driverless net: MEMORY_BLOCK/U0/inst_blk_mem_gen/dina[1].
WARNING: [Opt 31-6] Deleting driverless net: MEMORY_BLOCK/U0/inst_blk_mem_gen/dina[2].
WARNING: [Opt 31-6] Deleting driverless net: MEMORY_BLOCK/U0/inst_blk_mem_gen/wea[0].
WARNING: [Opt 31-6] Deleting driverless net: MEMORY_BLOCK/dina[0].
WARNING: [Opt 31-6] Deleting driverless net: MEMORY_BLOCK/dina[1].
WARNING: [Opt 31-6] Deleting driverless net: MEMORY_BLOCK/dina[2].
WARNING: [Opt 31-6] Deleting driverless net: MEMORY_BLOCK/wea[0].
INFO: [Opt 31-12] Eliminated 96 unconnected nets.
INFO: [Opt 31-140] Inserted 2 IBUFs to IO ports without IO buffers.
INFO: [Opt 31-11] Eliminated 4 unconnected cells.
Phase 3 Sweep | Checksum: 135de616c

Time (s): cpu = 00:00:00 ; elapsed = 00:00:00.078 . Memory (MB): peak = 937.707 ; gain = 0.000

Starting Connectivity Check Task

Time (s): cpu = 00:00:00 ; elapsed = 00:00:00.016 . Memory (MB): peak = 937.707 ; gain = 0.000
Ending Logic Optimization Task | Checksum: 135de616c

Time (s): cpu = 00:00:00 ; elapsed = 00:00:00.094 . Memory (MB): peak = 937.707 ; gain = 0.000
Implement Debug Cores | Checksum: ec904209
Logic Optimization | Checksum: ec904209

Starting Power Optimization Task
INFO: [Pwropt 34-132] Skipping clock gating for clocks with a period < 3.13 ns.
INFO: [Pwropt 34-9] Applying IDT optimizations ...
INFO: [Pwropt 34-10] Applying ODC optimizations ...


Starting PowerOpt Patch Enables Task
INFO: [Pwropt 34-162] WRITE_MODE attribute of 0 BRAM(s) out of a total of 7 has been updated to save power. Run report_power_opt to get a complete listing of the BRAMs updated.
INFO: [Pwropt 34-201] Structural ODC has moved 0 WE to EN ports
Number of BRAM Ports augmented: 0 newly gated: 6 Total Ports: 14
Ending PowerOpt Patch Enables Task | Checksum: 11bf8e21e

Time (s): cpu = 00:00:00 ; elapsed = 00:00:00.016 . Memory (MB): peak = 1005.246 ; gain = 0.000
Ending Power Optimization Task | Checksum: 11bf8e21e

Time (s): cpu = 00:00:01 ; elapsed = 00:00:00.889 . Memory (MB): peak = 1005.246 ; gain = 67.539
INFO: [Common 17-83] Releasing license: Implementation
32 Infos, 43 Warnings, 1 Critical Warnings and 0 Errors encountered.
opt_design completed successfully
opt_design: Time (s): cpu = 00:00:01 ; elapsed = 00:00:07 . Memory (MB): peak = 1005.246 ; gain = 73.414
Writing placer database...
Writing XDEF routing.
Writing XDEF routing logical nets.
Writing XDEF routing special nets.
Write XDEF Complete: Time (s): cpu = 00:00:00 ; elapsed = 00:00:00.031 . Memory (MB): peak = 1005.246 ; gain = 0.000
INFO: [DRC 23-27] Running DRC with 2 threads
INFO: [Coretcl 2-168] The results of DRC are in file D:/dsdlab/friday/250_202/lab 8/Image_cryption/Image_cryption.runs/impl_1/main_drc_opted.rpt.
INFO: [#UNDEF] Cannot write hardware definition file as there are no IPI block design hardware handoff files present
Command: place_design
Attempting to get a license for feature 'Implementation' and/or device 'xc7a100t'
INFO: [Common 17-349] Got license for feature 'Implementation' and/or device 'xc7a100t'
INFO: [DRC 23-27] Running DRC with 2 threads
INFO: [Vivado_Tcl 4-198] DRC finished with 0 Errors
INFO: [Vivado_Tcl 4-199] Please refer to the DRC report (report_drc) for more information.
Running DRC as a precondition to command place_design
INFO: [DRC 23-27] Running DRC with 2 threads
INFO: [Vivado_Tcl 4-198] DRC finished with 0 Errors
INFO: [Vivado_Tcl 4-199] Please refer to the DRC report (report_drc) for more information.

Starting Placer Task
INFO: [Place 30-611] Multithreading enabled for place_design using a maximum of 2 CPUs

Phase 1 Placer Runtime Estimator
Phase 1 Placer Runtime Estimator | Checksum: e515eb22

Time (s): cpu = 00:00:00 ; elapsed = 00:00:00.016 . Memory (MB): peak = 1005.246 ; gain = 0.000

Phase 2 Placer Initialization
Netlist sorting complete. Time (s): cpu = 00:00:00 ; elapsed = 00:00:00.015 . Memory (MB): peak = 1005.246 ; gain = 0.000
INFO: [Opt 31-138] Pushed 1 inverter(s) to 1 load pin(s).
Netlist sorting complete. Time (s): cpu = 00:00:00 ; elapsed = 00:00:00 . Memory (MB): peak = 1005.246 ; gain = 0.000

Phase 2.1 IO Placement/ Clock Placement/ Build Placer Device

Phase 2.1.1 Pre-Place Cells
Phase 2.1.1 Pre-Place Cells | Checksum: 78797bb7

Time (s): cpu = 00:00:00 ; elapsed = 00:00:00.047 . Memory (MB): peak = 1005.246 ; gain = 0.000
INFO: [Timing 38-35] Done setting XDC timing constraints.

Phase 2.1.2 IO & Clk Clean Up
ERROR: [Place 30-574] Poor placement for routing between an IO pin and BUFG. If this sub optimal condition is acceptable for this design, you may use the CLOCK_DEDICATED_ROUTE constraint in the .xdc file to demote this message to a WARNING. However, the use of this override is highly discouraged. These examples can be used directly in the .xdc file to override this clock rule.
	< set_property CLOCK_DEDICATED_ROUTE FALSE [get_nets down_IBUF] >

	down_IBUF_inst (IBUF.O) is locked to IOB_X0Y58
	down_IBUF_BUFG_inst (BUFG.I) is provisionally placed by clockplacer on BUFGCTRL_X0Y0
Resolution: Poor placement of an IO pin and a BUFG has resulted in the router using a non-dedicated path between the two.  There are several things that could trigger this DRC, each of which can cause unpredictable clock insertion delays that result in poor timing.  This DRC could be caused by any of the following: (a) a clock port was placed on a pin that is not a CCIO-pin (b)the BUFG has not been placed in the same half of the device or SLR as the CCIO-pin (c) a single ended clock has been placed on the N-Side of a differential pair CCIO-pin.
ERROR: [Place 30-574] Poor placement for routing between an IO pin and BUFG. If this sub optimal condition is acceptable for this design, you may use the CLOCK_DEDICATED_ROUTE constraint in the .xdc file to demote this message to a WARNING. However, the use of this override is highly discouraged. These examples can be used directly in the .xdc file to override this clock rule.
	< set_property CLOCK_DEDICATED_ROUTE FALSE [get_nets right_IBUF] >

	right_IBUF_inst (IBUF.O) is locked to IOB_X0Y50
	right_IBUF_BUFG_inst (BUFG.I) is provisionally placed by clockplacer on BUFGCTRL_X0Y1
Resolution: Poor placement of an IO pin and a BUFG has resulted in the router using a non-dedicated path between the two.  There are several things that could trigger this DRC, each of which can cause unpredictable clock insertion delays that result in poor timing.  This DRC could be caused by any of the following: (a) a clock port was placed on a pin that is not a CCIO-pin (b)the BUFG has not been placed in the same half of the device or SLR as the CCIO-pin (c) a single ended clock has been placed on the N-Side of a differential pair CCIO-pin.
Phase 2.1.2 IO & Clk Clean Up | Checksum: 78797bb7

Time (s): cpu = 00:00:01 ; elapsed = 00:00:00.796 . Memory (MB): peak = 1005.246 ; gain = 0.000
Phase 2.1 IO Placement/ Clock Placement/ Build Placer Device | Checksum: e984d989

Time (s): cpu = 00:00:01 ; elapsed = 00:00:00.796 . Memory (MB): peak = 1005.246 ; gain = 0.000
Phase 2 Placer Initialization | Checksum: e984d989

Time (s): cpu = 00:00:01 ; elapsed = 00:00:00.796 . Memory (MB): peak = 1005.246 ; gain = 0.000
ERROR: [Place 30-99] Placer failed with error: 'IO Clock Placer failed'
Please review all ERROR, CRITICAL WARNING, and WARNING messages during placement to understand the cause for failure.
Ending Placer Task | Checksum: e984d989

Time (s): cpu = 00:00:01 ; elapsed = 00:00:00.811 . Memory (MB): peak = 1005.246 ; gain = 0.000
INFO: [Common 17-83] Releasing license: Implementation
46 Infos, 43 Warnings, 1 Critical Warnings and 4 Errors encountered.
place_design failed
ERROR: [Common 17-69] Command failed: Placer could not place all instances
INFO: [Common 17-206] Exiting Vivado at Thu Mar 30 16:50:21 2017...
