INFO: [VRFC 10-163] Analyzing VHDL file "D:/dsdlab/friday/250_202/lab 8/Image_cryption/Image_cryption.srcs/sources_1/ip/blk_mem_gen_0/blk_mem_gen_v8_2/simulation/blk_mem_gen_v8_2.vhd" into library blk_mem_gen_v8_2
INFO: [VRFC 10-307] analyzing entity blk_mem_axi_regs_fwd_v8_2
INFO: [VRFC 10-307] analyzing entity blk_mem_axi_write_wrapper_beh
INFO: [VRFC 10-307] analyzing entity write_netlist
INFO: [VRFC 10-307] analyzing entity blk_mem_axi_read_wrapper_beh
INFO: [VRFC 10-307] analyzing entity read_netlist
INFO: [VRFC 10-307] analyzing entity BLK_MEM_GEN_v8_2_output_stage
INFO: [VRFC 10-307] analyzing entity BLK_MEM_GEN_v8_2_softecc_output_reg_stage
INFO: [VRFC 10-307] analyzing entity BLK_MEM_GEN_v8_2_mem_module
INFO: [VRFC 10-307] analyzing entity blk_mem_gen_v8_2
INFO: [VRFC 10-307] analyzing entity beh_ff_clr
INFO: [VRFC 10-307] analyzing entity beh_ff_ce
INFO: [VRFC 10-307] analyzing entity beh_ff_pre
INFO: [VRFC 10-307] analyzing entity beh_muxf7
INFO: [VRFC 10-307] analyzing entity STATE_LOGIC
INFO: [VRFC 10-163] Analyzing VHDL file "D:/dsdlab/friday/250_202/lab 8/Image_cryption/Image_cryption.srcs/sources_1/ip/blk_mem_gen_0/sim/blk_mem_gen_0.vhd" into library xil_defaultlib
INFO: [VRFC 10-307] analyzing entity blk_mem_gen_0
INFO: [VRFC 10-163] Analyzing VHDL file "C:/Users/dsplab/Downloads/Lab 10-20170330/reader.vhd" into library xil_defaultlib
INFO: [VRFC 10-307] analyzing entity reader
INFO: [VRFC 10-163] Analyzing VHDL file "C:/Users/dsplab/Downloads/Lab 10-20170330/encryption.vhd" into library xil_defaultlib
INFO: [VRFC 10-307] analyzing entity encryption
INFO: [VRFC 10-163] Analyzing VHDL file "C:/Users/dsplab/Downloads/Lab 10-20170330/mux.vhd" into library xil_defaultlib
INFO: [VRFC 10-307] analyzing entity mux
INFO: [VRFC 10-163] Analyzing VHDL file "C:/Users/dsplab/Downloads/Lab 10-20170330/vga_controller.vhd" into library xil_defaultlib
INFO: [VRFC 10-307] analyzing entity vga_controller
INFO: [VRFC 10-163] Analyzing VHDL file "C:/Users/dsplab/Downloads/Lab 10-20170330/main_-_to_be_edited.vhd" into library xil_defaultlib
INFO: [VRFC 10-307] analyzing entity main
