
*** Running vivado
    with args -log bcd_to_seven_seg.vdi -applog -m64 -messageDb vivado.pb -mode batch -source bcd_to_seven_seg.tcl -notrace


****** Vivado v2015.2 (64-bit)
  **** SW Build 1266856 on Fri Jun 26 16:35:25 MDT 2015
  **** IP Build 1264090 on Wed Jun 24 14:22:01 MDT 2015
    ** Copyright 1986-2015 Xilinx, Inc. All Rights Reserved.

source bcd_to_seven_seg.tcl -notrace
Design is defaulting to srcset: sources_1
Design is defaulting to constrset: constrs_1
INFO: [Netlist 29-17] Analyzing 4 Unisim elements for replacement
INFO: [Netlist 29-28] Unisim Transformation completed in 0 CPU seconds
INFO: [Project 1-479] Netlist was created with Vivado 2015.2
INFO: [Device 21-403] Loading part xc7a100tcsg324-1
INFO: [Project 1-570] Preparing netlist for logic optimization
Parsing XDC File [D:/dsdlab/friday/250_202/lab1/lab1.srcs/constrs_1/new/fulladder_ic.xdc]
Finished Parsing XDC File [D:/dsdlab/friday/250_202/lab1/lab1.srcs/constrs_1/new/fulladder_ic.xdc]
INFO: [Opt 31-138] Pushed 0 inverter(s) to 0 load pin(s).
INFO: [Project 1-111] Unisim Transformation Summary:
No Unisim elements were transformed.

Command: opt_design
Attempting to get a license for feature 'Implementation' and/or device 'xc7a100t'
INFO: [Common 17-349] Got license for feature 'Implementation' and/or device 'xc7a100t'
Running DRC as a precondition to command opt_design

Starting DRC Task
INFO: [DRC 23-27] Running DRC with 2 threads
INFO: [Project 1-461] DRC finished with 0 Errors
INFO: [Project 1-462] Please refer to the DRC report (report_drc) for more information.

Time (s): cpu = 00:00:00 ; elapsed = 00:00:00.047 . Memory (MB): peak = 478.547 ; gain = 1.223
INFO: [Timing 38-35] Done setting XDC timing constraints.

Starting Logic Optimization Task

Phase 1 Retarget

INFO: [Opt 31-138] Pushed 0 inverter(s) to 0 load pin(s).
INFO: [Opt 31-49] Retargeted 0 cell(s).
Phase 1 Retarget | Checksum: 1f98836f6

Time (s): cpu = 00:00:00 ; elapsed = 00:00:00 . Memory (MB): peak = 939.957 ; gain = 0.000

Phase 2 Constant Propagation
INFO: [Opt 31-138] Pushed 0 inverter(s) to 0 load pin(s).
INFO: [Opt 31-10] Eliminated 0 cells.
Phase 2 Constant Propagation | Checksum: 1f98836f6

Time (s): cpu = 00:00:00 ; elapsed = 00:00:00 . Memory (MB): peak = 939.957 ; gain = 0.000

Phase 3 Sweep
INFO: [Opt 31-12] Eliminated 0 unconnected nets.
INFO: [Opt 31-11] Eliminated 0 unconnected cells.
Phase 3 Sweep | Checksum: 1f98836f6

Time (s): cpu = 00:00:00 ; elapsed = 00:00:00 . Memory (MB): peak = 939.957 ; gain = 0.000

Starting Connectivity Check Task

Time (s): cpu = 00:00:00 ; elapsed = 00:00:00 . Memory (MB): peak = 939.957 ; gain = 0.000
Ending Logic Optimization Task | Checksum: 1f98836f6

Time (s): cpu = 00:00:00 ; elapsed = 00:00:00 . Memory (MB): peak = 939.957 ; gain = 0.000
Implement Debug Cores | Checksum: 1f98836f6
Logic Optimization | Checksum: 1f98836f6

Starting Power Optimization Task
INFO: [Pwropt 34-132] Skipping clock gating for clocks with a period < 3.13 ns.
Ending Power Optimization Task | Checksum: 1f98836f6

Time (s): cpu = 00:00:00 ; elapsed = 00:00:00 . Memory (MB): peak = 939.957 ; gain = 0.000
INFO: [Common 17-83] Releasing license: Implementation
20 Infos, 0 Warnings, 0 Critical Warnings and 0 Errors encountered.
opt_design completed successfully
opt_design: Time (s): cpu = 00:00:10 ; elapsed = 00:00:16 . Memory (MB): peak = 939.957 ; gain = 464.980
Writing placer database...
Writing XDEF routing.
Writing XDEF routing logical nets.
Writing XDEF routing special nets.
Write XDEF Complete: Time (s): cpu = 00:00:00 ; elapsed = 00:00:00.016 . Memory (MB): peak = 939.957 ; gain = 0.000
INFO: [DRC 23-27] Running DRC with 2 threads
INFO: [Coretcl 2-168] The results of DRC are in file D:/dsdlab/friday/250_202/lab1/lab1.runs/impl_1/bcd_to_seven_seg_drc_opted.rpt.
INFO: [#UNDEF] Cannot write hardware definition file as there are no IPI block design hardware handoff files present
Command: place_design
Attempting to get a license for feature 'Implementation' and/or device 'xc7a100t'
INFO: [Common 17-349] Got license for feature 'Implementation' and/or device 'xc7a100t'
INFO: [DRC 23-27] Running DRC with 2 threads
INFO: [Vivado_Tcl 4-198] DRC finished with 0 Errors
INFO: [Vivado_Tcl 4-199] Please refer to the DRC report (report_drc) for more information.
Running DRC as a precondition to command place_design
INFO: [DRC 23-27] Running DRC with 2 threads
INFO: [Vivado_Tcl 4-198] DRC finished with 0 Errors
INFO: [Vivado_Tcl 4-199] Please refer to the DRC report (report_drc) for more information.

Starting Placer Task
INFO: [Place 30-611] Multithreading enabled for place_design using a maximum of 2 CPUs

Phase 1 Placer Runtime Estimator
Phase 1 Placer Runtime Estimator | Checksum: 16046b653

Time (s): cpu = 00:00:00 ; elapsed = 00:00:00.016 . Memory (MB): peak = 939.957 ; gain = 0.000

Phase 2 Placer Initialization
Netlist sorting complete. Time (s): cpu = 00:00:00 ; elapsed = 00:00:00 . Memory (MB): peak = 939.957 ; gain = 0.000
Netlist sorting complete. Time (s): cpu = 00:00:00 ; elapsed = 00:00:00 . Memory (MB): peak = 939.957 ; gain = 0.000

Phase 2.1 IO Placement/ Clock Placement/ Build Placer Device

Phase 2.1.1 Pre-Place Cells
Phase 2.1.1 Pre-Place Cells | Checksum: 9ca98d66

Time (s): cpu = 00:00:00 ; elapsed = 00:00:00.031 . Memory (MB): peak = 939.957 ; gain = 0.000
INFO: [Timing 38-35] Done setting XDC timing constraints.

Phase 2.1.2 IO & Clk Clean Up
Phase 2.1.2 IO & Clk Clean Up | Checksum: 9ca98d66

Time (s): cpu = 00:00:01 ; elapsed = 00:00:00.718 . Memory (MB): peak = 960.734 ; gain = 20.777

Phase 2.1.3 Implementation Feasibility check On IDelay
Phase 2.1.3 Implementation Feasibility check On IDelay | Checksum: 9ca98d66

Time (s): cpu = 00:00:01 ; elapsed = 00:00:00.718 . Memory (MB): peak = 960.734 ; gain = 20.777

Phase 2.1.4 Commit IO Placement
Phase 2.1.4 Commit IO Placement | Checksum: 9ca98d66

Time (s): cpu = 00:00:01 ; elapsed = 00:00:00.718 . Memory (MB): peak = 960.734 ; gain = 20.777
Phase 2.1 IO Placement/ Clock Placement/ Build Placer Device | Checksum: 16046b653

Time (s): cpu = 00:00:01 ; elapsed = 00:00:00.718 . Memory (MB): peak = 960.734 ; gain = 20.777

Phase 2.2 Build Placer Netlist Model

Phase 2.2.1 Place Init Design
Phase 2.2.1 Place Init Design | Checksum: 205a78d57

Time (s): cpu = 00:00:01 ; elapsed = 00:00:00.718 . Memory (MB): peak = 960.734 ; gain = 20.777
Phase 2.2 Build Placer Netlist Model | Checksum: 205a78d57

Time (s): cpu = 00:00:01 ; elapsed = 00:00:00.718 . Memory (MB): peak = 960.734 ; gain = 20.777

Phase 2.3 Constrain Clocks/Macros

Phase 2.3.1 Constrain Global/Regional Clocks
Phase 2.3.1 Constrain Global/Regional Clocks | Checksum: 205a78d57

Time (s): cpu = 00:00:01 ; elapsed = 00:00:00.718 . Memory (MB): peak = 960.734 ; gain = 20.777
Phase 2.3 Constrain Clocks/Macros | Checksum: 205a78d57

Time (s): cpu = 00:00:01 ; elapsed = 00:00:00.718 . Memory (MB): peak = 960.734 ; gain = 20.777
Phase 2 Placer Initialization | Checksum: 205a78d57

Time (s): cpu = 00:00:01 ; elapsed = 00:00:00.718 . Memory (MB): peak = 960.734 ; gain = 20.777

Phase 3 Global Placement
Phase 3 Global Placement | Checksum: 1f7ad3b0b

Time (s): cpu = 00:00:01 ; elapsed = 00:00:00.874 . Memory (MB): peak = 960.734 ; gain = 20.777

Phase 4 Detail Placement

Phase 4.1 Commit Multi Column Macros
Phase 4.1 Commit Multi Column Macros | Checksum: 1f7ad3b0b

Time (s): cpu = 00:00:01 ; elapsed = 00:00:00.874 . Memory (MB): peak = 960.734 ; gain = 20.777

Phase 4.2 Commit Most Macros & LUTRAMs
Phase 4.2 Commit Most Macros & LUTRAMs | Checksum: 19aabe5c6

Time (s): cpu = 00:00:01 ; elapsed = 00:00:00.889 . Memory (MB): peak = 960.734 ; gain = 20.777

Phase 4.3 Area Swap Optimization
Phase 4.3 Area Swap Optimization | Checksum: 20302f0be

Time (s): cpu = 00:00:01 ; elapsed = 00:00:00.889 . Memory (MB): peak = 960.734 ; gain = 20.777

Phase 4.4 Small Shape Detail Placement

Phase 4.4.1 Commit Small Macros & Core Logic

Phase 4.4.1.1 Commit Slice Clusters
Phase 4.4.1.1 Commit Slice Clusters | Checksum: 11e5288bb

Time (s): cpu = 00:00:01 ; elapsed = 00:00:00.983 . Memory (MB): peak = 960.734 ; gain = 20.777
Phase 4.4.1 Commit Small Macros & Core Logic | Checksum: 11e5288bb

Time (s): cpu = 00:00:01 ; elapsed = 00:00:00.983 . Memory (MB): peak = 960.734 ; gain = 20.777

Phase 4.4.2 Clock Restriction Legalization for Leaf Columns
Phase 4.4.2 Clock Restriction Legalization for Leaf Columns | Checksum: 11e5288bb

Time (s): cpu = 00:00:01 ; elapsed = 00:00:00.998 . Memory (MB): peak = 960.734 ; gain = 20.777

Phase 4.4.3 Clock Restriction Legalization for Non-Clock Pins
Phase 4.4.3 Clock Restriction Legalization for Non-Clock Pins | Checksum: 11e5288bb

Time (s): cpu = 00:00:01 ; elapsed = 00:00:00.998 . Memory (MB): peak = 960.734 ; gain = 20.777
Phase 4.4 Small Shape Detail Placement | Checksum: 11e5288bb

Time (s): cpu = 00:00:01 ; elapsed = 00:00:00.998 . Memory (MB): peak = 960.734 ; gain = 20.777

Phase 4.5 Re-assign LUT pins
Phase 4.5 Re-assign LUT pins | Checksum: 11e5288bb

Time (s): cpu = 00:00:01 ; elapsed = 00:00:00.998 . Memory (MB): peak = 960.734 ; gain = 20.777
Phase 4 Detail Placement | Checksum: 11e5288bb

Time (s): cpu = 00:00:01 ; elapsed = 00:00:00.998 . Memory (MB): peak = 960.734 ; gain = 20.777

Phase 5 Post Placement Optimization and Clean-Up

Phase 5.1 PCOPT Shape updates
Phase 5.1 PCOPT Shape updates | Checksum: 1a1a7251d

Time (s): cpu = 00:00:01 ; elapsed = 00:00:01 . Memory (MB): peak = 960.734 ; gain = 20.777

Phase 5.2 Post Commit Optimization
Phase 5.2 Post Commit Optimization | Checksum: 1a1a7251d

Time (s): cpu = 00:00:01 ; elapsed = 00:00:01 . Memory (MB): peak = 960.734 ; gain = 20.777

Phase 5.3 Sweep Clock Roots: Post-Placement
Phase 5.3 Sweep Clock Roots: Post-Placement | Checksum: 1a1a7251d

Time (s): cpu = 00:00:01 ; elapsed = 00:00:01 . Memory (MB): peak = 960.734 ; gain = 20.777

Phase 5.4 Post Placement Cleanup
Phase 5.4 Post Placement Cleanup | Checksum: 1a1a7251d

Time (s): cpu = 00:00:01 ; elapsed = 00:00:01 . Memory (MB): peak = 960.734 ; gain = 20.777

Phase 5.5 Placer Reporting
Phase 5.5 Placer Reporting | Checksum: 1a1a7251d

Time (s): cpu = 00:00:01 ; elapsed = 00:00:01 . Memory (MB): peak = 960.734 ; gain = 20.777

Phase 5.6 Final Placement Cleanup
Phase 5.6 Final Placement Cleanup | Checksum: 1a1a7251d

Time (s): cpu = 00:00:01 ; elapsed = 00:00:01 . Memory (MB): peak = 960.734 ; gain = 20.777
Phase 5 Post Placement Optimization and Clean-Up | Checksum: 1a1a7251d

Time (s): cpu = 00:00:01 ; elapsed = 00:00:01 . Memory (MB): peak = 960.734 ; gain = 20.777
Ending Placer Task | Checksum: a3254dd2

Time (s): cpu = 00:00:01 ; elapsed = 00:00:01 . Memory (MB): peak = 960.734 ; gain = 20.777
INFO: [Common 17-83] Releasing license: Implementation
33 Infos, 0 Warnings, 0 Critical Warnings and 0 Errors encountered.
place_design completed successfully
place_design: Time (s): cpu = 00:00:01 ; elapsed = 00:00:08 . Memory (MB): peak = 960.734 ; gain = 20.777
Writing placer database...
Writing XDEF routing.
Writing XDEF routing logical nets.
Writing XDEF routing special nets.
Write XDEF Complete: Time (s): cpu = 00:00:00 ; elapsed = 00:00:00.047 . Memory (MB): peak = 960.734 ; gain = 0.000
report_io: Time (s): cpu = 00:00:00 ; elapsed = 00:00:00.031 . Memory (MB): peak = 960.734 ; gain = 0.000
report_utilization: Time (s): cpu = 00:00:00 ; elapsed = 00:00:00.047 . Memory (MB): peak = 960.734 ; gain = 0.000
report_control_sets: Time (s): cpu = 00:00:00 ; elapsed = 00:00:00 . Memory (MB): peak = 960.734 ; gain = 0.000
Command: route_design
Attempting to get a license for feature 'Implementation' and/or device 'xc7a100t'
INFO: [Common 17-349] Got license for feature 'Implementation' and/or device 'xc7a100t'
Running DRC as a precondition to command route_design
INFO: [DRC 23-27] Running DRC with 2 threads
INFO: [Vivado_Tcl 4-198] DRC finished with 0 Errors
INFO: [Vivado_Tcl 4-199] Please refer to the DRC report (report_drc) for more information.


Starting Routing Task
INFO: [Route 35-254] Multithreading enabled for route_design using a maximum of 2 CPUs

Phase 1 Build RT Design
Phase 1 Build RT Design | Checksum: 15bf77054

Time (s): cpu = 00:00:27 ; elapsed = 00:00:24 . Memory (MB): peak = 1081.641 ; gain = 120.906

Phase 2 Router Initialization
INFO: [Route 35-64] No timing constraints were detected. The router will operate in resource-optimization mode.

Phase 2.1 Pre Route Cleanup
Phase 2.1 Pre Route Cleanup | Checksum: 15bf77054

Time (s): cpu = 00:00:27 ; elapsed = 00:00:24 . Memory (MB): peak = 1086.672 ; gain = 125.938
 Number of Nodes with overlaps = 0
Phase 2 Router Initialization | Checksum: 136559279

Time (s): cpu = 00:00:27 ; elapsed = 00:00:24 . Memory (MB): peak = 1089.422 ; gain = 128.688

Phase 3 Initial Routing
Phase 3 Initial Routing | Checksum: 12ae9418f

Time (s): cpu = 00:00:27 ; elapsed = 00:00:24 . Memory (MB): peak = 1089.422 ; gain = 128.688

Phase 4 Rip-up And Reroute

Phase 4.1 Global Iteration 0
 Number of Nodes with overlaps = 0
Phase 4.1 Global Iteration 0 | Checksum: d9f70d78

Time (s): cpu = 00:00:27 ; elapsed = 00:00:24 . Memory (MB): peak = 1089.422 ; gain = 128.688
Phase 4 Rip-up And Reroute | Checksum: d9f70d78

Time (s): cpu = 00:00:27 ; elapsed = 00:00:24 . Memory (MB): peak = 1089.422 ; gain = 128.688

Phase 5 Delay and Skew Optimization
Phase 5 Delay and Skew Optimization | Checksum: d9f70d78

Time (s): cpu = 00:00:27 ; elapsed = 00:00:24 . Memory (MB): peak = 1089.422 ; gain = 128.688

Phase 6 Post Hold Fix
Phase 6 Post Hold Fix | Checksum: d9f70d78

Time (s): cpu = 00:00:27 ; elapsed = 00:00:24 . Memory (MB): peak = 1089.422 ; gain = 128.688

Phase 7 Route finalize

Router Utilization Summary
  Global Vertical Routing Utilization    = 0.00866083 %
  Global Horizontal Routing Utilization  = 0.00227337 %
  Routable Net Status*
  *Does not include unroutable nets such as driverless and loadless.
  Run report_route_status for detailed report.
  Number of Failed Nets               = 0
  Number of Unrouted Nets             = 0
  Number of Partially Routed Nets     = 0
  Number of Node Overlaps             = 0

Congestion Report
North Dir 1x1 Area, Max Cong = 16.2162%, No Congested Regions.
South Dir 1x1 Area, Max Cong = 16.2162%, No Congested Regions.
East Dir 1x1 Area, Max Cong = 8.82353%, No Congested Regions.
West Dir 1x1 Area, Max Cong = 2.94118%, No Congested Regions.
Phase 7 Route finalize | Checksum: d9f70d78

Time (s): cpu = 00:00:27 ; elapsed = 00:00:24 . Memory (MB): peak = 1089.422 ; gain = 128.688

Phase 8 Verifying routed nets

 Verification completed successfully
Phase 8 Verifying routed nets | Checksum: d9f70d78

Time (s): cpu = 00:00:27 ; elapsed = 00:00:24 . Memory (MB): peak = 1090.227 ; gain = 129.492

Phase 9 Depositing Routes
Phase 9 Depositing Routes | Checksum: 18f4ce958

Time (s): cpu = 00:00:27 ; elapsed = 00:00:24 . Memory (MB): peak = 1090.227 ; gain = 129.492
INFO: [Route 35-16] Router Completed Successfully

Time (s): cpu = 00:00:27 ; elapsed = 00:00:24 . Memory (MB): peak = 1090.227 ; gain = 129.492

Routing Is Done.
INFO: [Common 17-83] Releasing license: Implementation
41 Infos, 0 Warnings, 0 Critical Warnings and 0 Errors encountered.
route_design completed successfully
route_design: Time (s): cpu = 00:00:28 ; elapsed = 00:00:31 . Memory (MB): peak = 1090.227 ; gain = 129.492
Writing placer database...
Writing XDEF routing.
Writing XDEF routing logical nets.
Writing XDEF routing special nets.
Write XDEF Complete: Time (s): cpu = 00:00:00 ; elapsed = 00:00:00.032 . Memory (MB): peak = 1090.227 ; gain = 0.000
INFO: [DRC 23-27] Running DRC with 2 threads
INFO: [Coretcl 2-168] The results of DRC are in file D:/dsdlab/friday/250_202/lab1/lab1.runs/impl_1/bcd_to_seven_seg_drc_routed.rpt.
INFO: [Timing 38-91] UpdateTimingParams: Speed grade: -1, Delay Type: min_max.
INFO: [Timing 38-191] Multithreading enabled for timing update using a maximum of 2 CPUs
WARNING: [Timing 38-313] There are no user specified timing constraints. Timing constraints are needed for proper timing analysis.
WARNING: [Power 33-232] No user defined clocks were found in the design!
Resolution: Please specify clocks using create_clock/create_generated_clock for sequential elements. For pure combinatorial circuits, please specify a virtual clock, otherwise the vectorless estimation might be inaccurate
Running Vector-less Activity Propagation...

Finished Running Vector-less Activity Propagation
INFO: [Common 17-206] Exiting Vivado at Fri Jan 20 15:59:35 2017...
